2025-10-14 18:36:08,258 [Worker-7: Loading available Gradle versions] INFO  o.e.b.c.i.u.g.PublishedGradleVersions - Gradle version information cache is not available. Remote download required.
2025-10-14 18:39:03,504 [Worker-11: Import Getting Started Content] INFO  o.e.m.c.i.l.LifecycleMappingFactory - Using org.maven.ide.eclipse.wtp.WarLifecycleMapping lifecycle mapping for MavenProject: com.klef.dev:ItemSpringBootApp:0.0.1-SNAPSHOT @ E:\DEVOPS-P\ITEM-FULLSTACK\ITEM-BACKEND\ItemSpringBootApp\pom.xml.
2025-10-14 18:39:19,830 [Worker-11: Import Getting Started Content] INFO  o.e.m.j.i.AbstractJavaProjectConfigurator - Adding source folder /ItemSpringBootApp/src/main/java
2025-10-14 18:39:19,834 [Worker-11: Import Getting Started Content] INFO  o.e.m.j.i.AbstractJavaProjectConfigurator - Adding resource folder /ItemSpringBootApp/src/main/resources
2025-10-14 18:39:19,857 [Worker-11: Import Getting Started Content] INFO  o.e.m.j.i.AbstractJavaProjectConfigurator - Adding resource folder /ItemSpringBootApp/src/main/resources
2025-10-14 18:39:19,880 [Worker-11: Import Getting Started Content] INFO  o.e.m.j.i.AbstractJavaProjectConfigurator - Adding source folder /ItemSpringBootApp/src/test/java
2025-10-14 18:39:19,883 [Worker-11: Import Getting Started Content] INFO  o.e.m.j.i.AbstractJavaProjectConfigurator - Adding resource folder /ItemSpringBootApp/src/test/resources
2025-10-14 18:39:37,274 [Worker-11: Import Getting Started Content] INFO  o.e.m.c.i.p.ProjectConfigurationManager - Imported and configured 1 project(s) in 45 sec
2025-10-14 18:39:37,282 [Worker-11: Import Getting Started Content] INFO  o.e.m.c.i.p.ProjectConfigurationManager - Update started
2025-10-14 18:39:38,177 [Worker-11: Import Getting Started Content] INFO  o.e.m.c.i.l.LifecycleMappingFactory - Using org.maven.ide.eclipse.wtp.WarLifecycleMapping lifecycle mapping for MavenProject: com.klef.dev:ItemSpringBootApp:0.0.1-SNAPSHOT @ E:\DEVOPS-P\ITEM-FULLSTACK\ITEM-BACKEND\ItemSpringBootApp\pom.xml.
2025-10-14 18:39:40,154 [Worker-11: Import Getting Started Content] INFO  o.e.m.j.i.AbstractJavaProjectConfigurator - Adding source folder /ItemSpringBootApp/src/main/java
2025-10-14 18:39:40,155 [Worker-11: Import Getting Started Content] INFO  o.e.m.j.i.AbstractJavaProjectConfigurator - Adding resource folder /ItemSpringBootApp/src/main/resources
2025-10-14 18:39:40,156 [Worker-11: Import Getting Started Content] INFO  o.e.m.j.i.AbstractJavaProjectConfigurator - Adding resource folder /ItemSpringBootApp/src/main/resources
2025-10-14 18:39:40,157 [Worker-11: Import Getting Started Content] INFO  o.e.m.j.i.AbstractJavaProjectConfigurator - Adding source folder /ItemSpringBootApp/src/test/java
2025-10-14 18:39:40,159 [Worker-11: Import Getting Started Content] INFO  o.e.m.j.i.AbstractJavaProjectConfigurator - Adding resource folder /ItemSpringBootApp/src/test/resources
2025-10-14 18:39:43,341 [Worker-11: Import Getting Started Content] INFO  o.e.m.w.i.f.ResourceFilteringBuildParticipant - Cleaning filtered folder for ItemSpringBootApp
2025-10-14 18:39:43,400 [Worker-11: Import Getting Started Content] INFO  o.e.m.c.i.p.ProjectConfigurationManager - Update completed for 1 poms: local refresh takes 0.00 sec, refresh facades takes 2.00 sec, update config takes 2.00 sec 
2025-10-14 18:39:43,727 [Worker-9: Updating Maven Project] INFO  o.e.m.c.i.p.ProjectConfigurationManager - Update started
2025-10-14 18:39:44,755 [Worker-9: Updating Maven Project] INFO  o.e.m.c.i.l.LifecycleMappingFactory - Using org.maven.ide.eclipse.wtp.WarLifecycleMapping lifecycle mapping for MavenProject: com.klef.dev:ItemSpringBootApp:0.0.1-SNAPSHOT @ E:\DEVOPS-P\ITEM-FULLSTACK\ITEM-BACKEND\ItemSpringBootApp\pom.xml.
2025-10-14 18:39:46,461 [Worker-9: Updating Maven Project] INFO  o.e.m.j.i.AbstractJavaProjectConfigurator - Adding source folder /ItemSpringBootApp/src/main/java
2025-10-14 18:39:46,463 [Worker-9: Updating Maven Project] INFO  o.e.m.j.i.AbstractJavaProjectConfigurator - Adding resource folder /ItemSpringBootApp/src/main/resources
2025-10-14 18:39:46,465 [Worker-9: Updating Maven Project] INFO  o.e.m.j.i.AbstractJavaProjectConfigurator - Adding resource folder /ItemSpringBootApp/src/main/resources
2025-10-14 18:39:46,465 [Worker-9: Updating Maven Project] INFO  o.e.m.j.i.AbstractJavaProjectConfigurator - Adding source folder /ItemSpringBootApp/src/test/java
2025-10-14 18:39:46,467 [Worker-9: Updating Maven Project] INFO  o.e.m.j.i.AbstractJavaProjectConfigurator - Adding resource folder /ItemSpringBootApp/src/test/resources
2025-10-14 18:39:48,920 [Worker-9: Updating Maven Project] INFO  o.e.m.w.i.f.ResourceFilteringBuildParticipant - Cleaning filtered folder for ItemSpringBootApp
2025-10-14 18:39:48,984 [Worker-9: Updating Maven Project] INFO  o.e.m.c.i.p.ProjectConfigurationManager - Update completed for 1 poms: local refresh takes 0.00 sec, refresh facades takes 2.00 sec, update config takes 2.00 sec 
2025-10-14 18:39:50,367 [Worker-38: Building] INFO  o.a.m.s.f.DefaultMavenResourcesFiltering - Copying 1 resource from src\main\resources to target\classes
2025-10-14 18:39:50,483 [Worker-38: Building] INFO  o.a.m.s.f.DefaultMavenResourcesFiltering - Copying 0 resource from src\main\resources to target\classes
2025-10-14 18:39:50,496 [Worker-38: Building] INFO  o.a.m.s.f.DefaultMavenResourcesFiltering - skip non existing resourceDirectory E:\DEVOPS-P\ITEM-FULLSTACK\ITEM-BACKEND\ItemSpringBootApp\src\test\resources
2025-10-14 18:39:50,499 [Worker-38: Building] INFO  o.e.m.w.i.f.ResourceFilteringBuildParticipant - Changed resources require a complete clean of filtered resources of ItemSpringBootApp
2025-10-14 18:39:50,511 [Worker-38: Building] INFO  o.e.m.w.i.f.ResourceFilteringBuildParticipant - Executing resource filtering for ItemSpringBootApp
2025-10-14 18:45:49,685 [Worker-40: Building] INFO  o.a.m.s.f.DefaultMavenResourcesFiltering - Copying 1 resource from src\main\resources to target\classes
2025-10-14 18:45:49,728 [Worker-40: Building] INFO  o.a.m.s.f.DefaultMavenResourcesFiltering - Copying 0 resource from src\main\resources to target\classes
2025-10-14 18:45:49,741 [Worker-40: Building] INFO  o.a.m.s.f.DefaultMavenResourcesFiltering - skip non existing resourceDirectory E:\DEVOPS-P\ITEM-FULLSTACK\ITEM-BACKEND\ItemSpringBootApp\src\test\resources
2025-10-14 18:46:17,265 [Worker-39: Building] INFO  o.a.m.s.f.DefaultMavenResourcesFiltering - Copying 1 resource from src\main\resources to target\classes
2025-10-14 18:46:17,274 [Worker-39: Building] INFO  o.a.m.s.f.DefaultMavenResourcesFiltering - Copying 0 resource from src\main\resources to target\classes
2025-10-14 18:46:17,281 [Worker-39: Building] INFO  o.a.m.s.f.DefaultMavenResourcesFiltering - skip non existing resourceDirectory E:\DEVOPS-P\ITEM-FULLSTACK\ITEM-BACKEND\ItemSpringBootApp\src\test\resources
2025-10-14 18:47:10,971 [Worker-40: Building] INFO  o.a.m.s.f.DefaultMavenResourcesFiltering - Copying 1 resource from src\main\resources to target\classes
2025-10-14 18:47:10,979 [Worker-40: Building] INFO  o.a.m.s.f.DefaultMavenResourcesFiltering - Copying 0 resource from src\main\resources to target\classes
2025-10-14 18:47:10,987 [Worker-40: Building] INFO  o.a.m.s.f.DefaultMavenResourcesFiltering - skip non existing resourceDirectory E:\DEVOPS-P\ITEM-FULLSTACK\ITEM-BACKEND\ItemSpringBootApp\src\test\resources
2025-10-14 18:47:49,175 [Worker-39: Building] INFO  o.a.m.s.f.DefaultMavenResourcesFiltering - Copying 1 resource from src\main\resources to target\classes
2025-10-14 18:47:49,182 [Worker-39: Building] INFO  o.a.m.s.f.DefaultMavenResourcesFiltering - Copying 0 resource from src\main\resources to target\classes
2025-10-14 18:47:49,189 [Worker-39: Building] INFO  o.a.m.s.f.DefaultMavenResourcesFiltering - skip non existing resourceDirectory E:\DEVOPS-P\ITEM-FULLSTACK\ITEM-BACKEND\ItemSpringBootApp\src\test\resources
2025-10-14 18:48:07,145 [Worker-38: Building] INFO  o.a.m.s.f.DefaultMavenResourcesFiltering - Copying 1 resource from src\main\resources to target\classes
2025-10-14 18:48:07,187 [Worker-38: Building] INFO  o.a.m.s.f.DefaultMavenResourcesFiltering - Copying 0 resource from src\main\resources to target\classes
2025-10-14 18:48:07,203 [Worker-38: Building] INFO  o.a.m.s.f.DefaultMavenResourcesFiltering - skip non existing resourceDirectory E:\DEVOPS-P\ITEM-FULLSTACK\ITEM-BACKEND\ItemSpringBootApp\src\test\resources
2025-10-14 18:48:51,889 [Worker-40: Building] INFO  o.a.m.s.f.DefaultMavenResourcesFiltering - Copying 1 resource from src\main\resources to target\classes
2025-10-14 18:48:51,896 [Worker-40: Building] INFO  o.a.m.s.f.DefaultMavenResourcesFiltering - Copying 0 resource from src\main\resources to target\classes
2025-10-14 18:48:51,903 [Worker-40: Building] INFO  o.a.m.s.f.DefaultMavenResourcesFiltering - skip non existing resourceDirectory E:\DEVOPS-P\ITEM-FULLSTACK\ITEM-BACKEND\ItemSpringBootApp\src\test\resources
2025-10-14 18:49:17,633 [Worker-10: Building] INFO  o.a.m.s.f.DefaultMavenResourcesFiltering - Copying 1 resource from src\main\resources to target\classes
2025-10-14 18:49:17,649 [Worker-10: Building] INFO  o.a.m.s.f.DefaultMavenResourcesFiltering - Copying 0 resource from src\main\resources to target\classes
2025-10-14 18:49:17,656 [Worker-10: Building] INFO  o.a.m.s.f.DefaultMavenResourcesFiltering - skip non existing resourceDirectory E:\DEVOPS-P\ITEM-FULLSTACK\ITEM-BACKEND\ItemSpringBootApp\src\test\resources
2025-10-14 18:50:19,644 [Worker-6: Building] INFO  o.a.m.s.f.DefaultMavenResourcesFiltering - Copying 1 resource from src\main\resources to target\classes
2025-10-14 18:50:19,649 [Worker-6: Building] INFO  o.a.m.s.f.DefaultMavenResourcesFiltering - Copying 0 resource from src\main\resources to target\classes
2025-10-14 18:50:19,653 [Worker-6: Building] INFO  o.a.m.s.f.DefaultMavenResourcesFiltering - skip non existing resourceDirectory E:\DEVOPS-P\ITEM-FULLSTACK\ITEM-BACKEND\ItemSpringBootApp\src\test\resources
2025-10-14 18:51:01,826 [Worker-42: Building] INFO  o.a.m.s.f.DefaultMavenResourcesFiltering - Copying 1 resource from src\main\resources to target\classes
2025-10-14 18:51:01,833 [Worker-42: Building] INFO  o.a.m.s.f.DefaultMavenResourcesFiltering - Copying 0 resource from src\main\resources to target\classes
2025-10-14 18:51:01,840 [Worker-42: Building] INFO  o.a.m.s.f.DefaultMavenResourcesFiltering - skip non existing resourceDirectory E:\DEVOPS-P\ITEM-FULLSTACK\ITEM-BACKEND\ItemSpringBootApp\src\test\resources
2025-10-14 18:51:23,837 [Worker-38: Building] INFO  o.a.m.s.f.DefaultMavenResourcesFiltering - Copying 1 resource from src\main\resources to target\classes
2025-10-14 18:51:23,844 [Worker-38: Building] INFO  o.a.m.s.f.DefaultMavenResourcesFiltering - Copying 0 resource from src\main\resources to target\classes
2025-10-14 18:51:23,852 [Worker-38: Building] INFO  o.a.m.s.f.DefaultMavenResourcesFiltering - skip non existing resourceDirectory E:\DEVOPS-P\ITEM-FULLSTACK\ITEM-BACKEND\ItemSpringBootApp\src\test\resources
2025-10-14 18:52:04,387 [Worker-6: Building] INFO  o.a.m.s.f.DefaultMavenResourcesFiltering - Copying 1 resource from src\main\resources to target\classes
2025-10-14 18:52:04,399 [Worker-6: Building] INFO  o.a.m.s.f.DefaultMavenResourcesFiltering - Copying 0 resource from src\main\resources to target\classes
2025-10-14 18:52:04,405 [Worker-6: Building] INFO  o.a.m.s.f.DefaultMavenResourcesFiltering - skip non existing resourceDirectory E:\DEVOPS-P\ITEM-FULLSTACK\ITEM-BACKEND\ItemSpringBootApp\src\test\resources
2025-10-14 18:52:32,750 [Worker-40: Building] INFO  o.a.m.s.f.DefaultMavenResourcesFiltering - Copying 1 resource from src\main\resources to target\classes
2025-10-14 18:52:32,784 [Worker-40: Building] INFO  o.a.m.s.f.DefaultMavenResourcesFiltering - Copying 0 resource from src\main\resources to target\classes
2025-10-14 18:52:32,796 [Worker-40: Building] INFO  o.a.m.s.f.DefaultMavenResourcesFiltering - skip non existing resourceDirectory E:\DEVOPS-P\ITEM-FULLSTACK\ITEM-BACKEND\ItemSpringBootApp\src\test\resources
2025-10-14 18:53:12,301 [Worker-42: Building] INFO  o.a.m.s.f.DefaultMavenResourcesFiltering - Copying 1 resource from src\main\resources to target\classes
2025-10-14 18:53:12,310 [Worker-42: Building] INFO  o.a.m.s.f.DefaultMavenResourcesFiltering - Copying 0 resource from src\main\resources to target\classes
2025-10-14 18:53:12,316 [Worker-42: Building] INFO  o.a.m.s.f.DefaultMavenResourcesFiltering - skip non existing resourceDirectory E:\DEVOPS-P\ITEM-FULLSTACK\ITEM-BACKEND\ItemSpringBootApp\src\test\resources
2025-10-14 18:53:36,107 [Worker-41: Building] INFO  o.a.m.s.f.DefaultMavenResourcesFiltering - Copying 1 resource from src\main\resources to target\classes
2025-10-14 18:53:36,116 [Worker-41: Building] INFO  o.a.m.s.f.DefaultMavenResourcesFiltering - Copying 0 resource from src\main\resources to target\classes
2025-10-14 18:53:36,122 [Worker-41: Building] INFO  o.a.m.s.f.DefaultMavenResourcesFiltering - skip non existing resourceDirectory E:\DEVOPS-P\ITEM-FULLSTACK\ITEM-BACKEND\ItemSpringBootApp\src\test\resources
2025-10-14 18:53:44,153 [Worker-6: Building] INFO  o.a.m.s.f.DefaultMavenResourcesFiltering - Copying 1 resource from src\main\resources to target\classes
2025-10-14 18:53:44,175 [Worker-6: Building] INFO  o.a.m.s.f.DefaultMavenResourcesFiltering - Copying 0 resource from src\main\resources to target\classes
2025-10-14 18:53:44,181 [Worker-6: Building] INFO  o.a.m.s.f.DefaultMavenResourcesFiltering - skip non existing resourceDirectory E:\DEVOPS-P\ITEM-FULLSTACK\ITEM-BACKEND\ItemSpringBootApp\src\test\resources
2025-10-14 18:54:42,427 [Worker-40: Launching ItemSpringBootApp - ItemSpringBootAppApplication] INFO  o.a.m.s.f.DefaultMavenResourcesFiltering - Copying 1 resource from src\main\resources to target\classes
2025-10-14 18:54:42,433 [Worker-40: Launching ItemSpringBootApp - ItemSpringBootAppApplication] INFO  o.a.m.s.f.DefaultMavenResourcesFiltering - Copying 0 resource from src\main\resources to target\classes
2025-10-14 18:54:42,440 [Worker-40: Launching ItemSpringBootApp - ItemSpringBootAppApplication] INFO  o.a.m.s.f.DefaultMavenResourcesFiltering - skip non existing resourceDirectory E:\DEVOPS-P\ITEM-FULLSTACK\ITEM-BACKEND\ItemSpringBootApp\src\test\resources
2025-10-14 18:56:21,013 [Worker-10: Building] INFO  o.a.m.s.f.DefaultMavenResourcesFiltering - Copying 1 resource from src\main\resources to target\classes
2025-10-14 18:56:21,023 [Worker-10: Building] INFO  o.a.m.s.f.DefaultMavenResourcesFiltering - Copying 0 resource from src\main\resources to target\classes
2025-10-14 18:56:21,029 [Worker-10: Building] INFO  o.a.m.s.f.DefaultMavenResourcesFiltering - skip non existing resourceDirectory E:\DEVOPS-P\ITEM-FULLSTACK\ITEM-BACKEND\ItemSpringBootApp\src\test\resources
2025-10-14 18:56:35,137 [Worker-42: Building] INFO  o.a.m.s.f.DefaultMavenResourcesFiltering - Copying 1 resource from src\main\resources to target\classes
2025-10-14 18:56:35,142 [Worker-42: Building] INFO  o.a.m.s.f.DefaultMavenResourcesFiltering - Copying 0 resource from src\main\resources to target\classes
2025-10-14 18:56:35,146 [Worker-42: Building] INFO  o.a.m.s.f.DefaultMavenResourcesFiltering - skip non existing resourceDirectory E:\DEVOPS-P\ITEM-FULLSTACK\ITEM-BACKEND\ItemSpringBootApp\src\test\resources
2025-10-14 19:07:14,195 [Worker-48: Building] INFO  o.a.m.s.f.DefaultMavenResourcesFiltering - Copying 1 resource from src\main\resources to target\classes
2025-10-14 19:07:14,203 [Worker-48: Building] INFO  o.a.m.s.f.DefaultMavenResourcesFiltering - Copying 0 resource from src\main\resources to target\classes
2025-10-14 19:07:14,207 [Worker-48: Building] INFO  o.a.m.s.f.DefaultMavenResourcesFiltering - skip non existing resourceDirectory E:\DEVOPS-P\ITEM-FULLSTACK\ITEM-BACKEND\ItemSpringBootApp\src\test\resources
2025-10-14 19:08:30,564 [Worker-54: Building] INFO  o.e.m.c.i.l.LifecycleMappingFactory - Using org.maven.ide.eclipse.wtp.WarLifecycleMapping lifecycle mapping for MavenProject: com.klef.dev:ItemSpringBootApp:0.0.1-SNAPSHOT @ E:\DEVOPS-P\ITEM-FULLSTACK\ITEM-BACKEND\ItemSpringBootApp\pom.xml.
2025-10-14 19:08:32,529 [Worker-54: Building] INFO  o.a.m.s.f.DefaultMavenResourcesFiltering - Copying 0 resource from src\main\resources to target\classes
2025-10-14 19:08:32,530 [Worker-54: Building] INFO  o.a.m.s.f.DefaultMavenResourcesFiltering - Copying 0 resource from src\main\resources to target\classes
2025-10-14 19:08:32,542 [Worker-54: Building] INFO  o.a.m.s.f.DefaultMavenResourcesFiltering - skip non existing resourceDirectory E:\DEVOPS-P\ITEM-FULLSTACK\ITEM-BACKEND\ItemSpringBootApp\src\test\resources
2025-10-14 19:08:32,542 [Worker-54: Building] INFO  o.e.m.w.i.f.ResourceFilteringBuildParticipant - Changed resources require a complete clean of filtered resources of ItemSpringBootApp
2025-10-14 19:08:32,542 [Worker-54: Building] INFO  o.e.m.w.i.f.ResourceFilteringBuildParticipant - Executing resource filtering for ItemSpringBootApp
2025-10-15 07:16:56,779 [Worker-7: Loading available Gradle versions] INFO  o.e.b.c.i.u.g.PublishedGradleVersions - Gradle version information cache is up-to-date. Trying to read.
2025-10-15 07:17:09,331 [Worker-9: Building] INFO  o.e.m.c.i.l.LifecycleMappingFactory - Using org.eclipse.m2e.jdt.JarLifecycleMapping lifecycle mapping for MavenProject: com.klef.dev:ItemSpringBootApp:0.0.1-SNAPSHOT @ E:\DEVOPS-P\ITEM-FULLSTACK\ITEM-BACKEND\ItemSpringBootApp\pom.xml.
2025-10-15 07:17:14,523 [Worker-9: Building] INFO  o.a.m.s.f.DefaultMavenResourcesFiltering - Copying 1 resource from src\main\resources to target\classes
2025-10-15 07:17:14,571 [Worker-9: Building] INFO  o.a.m.s.f.DefaultMavenResourcesFiltering - Copying 0 resource from src\main\resources to target\classes
2025-10-15 07:17:14,580 [Worker-9: Building] INFO  o.a.m.s.f.DefaultMavenResourcesFiltering - skip non existing resourceDirectory E:\DEVOPS-P\ITEM-FULLSTACK\ITEM-BACKEND\ItemSpringBootApp\src\test\resources
2025-10-15 07:17:15,076 [Worker-19: Updating Maven Project] INFO  o.e.m.c.i.p.ProjectConfigurationManager - Update started
2025-10-15 07:17:15,925 [Worker-19: Updating Maven Project] INFO  o.e.m.c.i.l.LifecycleMappingFactory - Using org.eclipse.m2e.jdt.JarLifecycleMapping lifecycle mapping for MavenProject: com.klef.dev:ItemSpringBootApp:0.0.1-SNAPSHOT @ E:\DEVOPS-P\ITEM-FULLSTACK\ITEM-BACKEND\ItemSpringBootApp\pom.xml.
2025-10-15 07:17:17,464 [Worker-19: Updating Maven Project] INFO  o.e.m.j.i.AbstractJavaProjectConfigurator - Adding source folder /ItemSpringBootApp/src/main/java
2025-10-15 07:17:17,468 [Worker-19: Updating Maven Project] INFO  o.e.m.j.i.AbstractJavaProjectConfigurator - Adding resource folder /ItemSpringBootApp/src/main/resources
2025-10-15 07:17:17,471 [Worker-19: Updating Maven Project] INFO  o.e.m.j.i.AbstractJavaProjectConfigurator - Adding resource folder /ItemSpringBootApp/src/main/resources
2025-10-15 07:17:17,472 [Worker-19: Updating Maven Project] INFO  o.e.m.j.i.AbstractJavaProjectConfigurator - Adding source folder /ItemSpringBootApp/src/test/java
2025-10-15 07:17:17,474 [Worker-19: Updating Maven Project] INFO  o.e.m.j.i.AbstractJavaProjectConfigurator - Adding resource folder /ItemSpringBootApp/src/test/resources
2025-10-15 07:17:19,458 [Worker-19: Updating Maven Project] INFO  o.e.m.c.i.p.ProjectConfigurationManager - Update completed for 1 poms: local refresh takes 0.00 sec, refresh facades takes 2.00 sec, update config takes 2.00 sec 
2025-10-15 07:17:19,748 [Worker-13: Updating Maven Project] INFO  o.e.m.c.i.p.ProjectConfigurationManager - Update started
2025-10-15 07:17:20,454 [Worker-13: Updating Maven Project] INFO  o.e.m.c.i.l.LifecycleMappingFactory - Using org.eclipse.m2e.jdt.JarLifecycleMapping lifecycle mapping for MavenProject: com.klef.dev:ItemSpringBootApp:0.0.1-SNAPSHOT @ E:\DEVOPS-P\ITEM-FULLSTACK\ITEM-BACKEND\ItemSpringBootApp\pom.xml.
2025-10-15 07:17:22,285 [Worker-13: Updating Maven Project] INFO  o.e.m.j.i.AbstractJavaProjectConfigurator - Adding source folder /ItemSpringBootApp/src/main/java
2025-10-15 07:17:22,286 [Worker-13: Updating Maven Project] INFO  o.e.m.j.i.AbstractJavaProjectConfigurator - Adding resource folder /ItemSpringBootApp/src/main/resources
2025-10-15 07:17:22,288 [Worker-13: Updating Maven Project] INFO  o.e.m.j.i.AbstractJavaProjectConfigurator - Adding resource folder /ItemSpringBootApp/src/main/resources
2025-10-15 07:17:22,289 [Worker-13: Updating Maven Project] INFO  o.e.m.j.i.AbstractJavaProjectConfigurator - Adding source folder /ItemSpringBootApp/src/test/java
2025-10-15 07:17:22,290 [Worker-13: Updating Maven Project] INFO  o.e.m.j.i.AbstractJavaProjectConfigurator - Adding resource folder /ItemSpringBootApp/src/test/resources
2025-10-15 07:17:23,414 [Worker-13: Updating Maven Project] INFO  o.e.m.c.i.p.ProjectConfigurationManager - Update completed for 1 poms: local refresh takes 0.00 sec, refresh facades takes 2.00 sec, update config takes 1.00 sec 
2025-10-15 07:17:24,448 [Worker-37: Building] INFO  o.a.m.s.f.DefaultMavenResourcesFiltering - Copying 1 resource from src\main\resources to target\classes
2025-10-15 07:17:24,510 [Worker-37: Building] INFO  o.a.m.s.f.DefaultMavenResourcesFiltering - Copying 0 resource from src\main\resources to target\classes
2025-10-15 07:17:24,519 [Worker-37: Building] INFO  o.a.m.s.f.DefaultMavenResourcesFiltering - skip non existing resourceDirectory E:\DEVOPS-P\ITEM-FULLSTACK\ITEM-BACKEND\ItemSpringBootApp\src\test\resources
2025-10-15 07:18:03,042 [Worker-35: Updating Maven Project] INFO  o.e.m.c.i.p.ProjectConfigurationManager - Update started
2025-10-15 07:18:03,755 [Worker-35: Updating Maven Project] INFO  o.e.m.c.i.l.LifecycleMappingFactory - Using org.eclipse.m2e.jdt.JarLifecycleMapping lifecycle mapping for MavenProject: com.klef.dev:ItemSpringBootApp:0.0.1-SNAPSHOT @ E:\DEVOPS-P\ITEM-FULLSTACK\ITEM-BACKEND\ItemSpringBootApp\pom.xml.
2025-10-15 07:18:04,886 [Worker-35: Updating Maven Project] INFO  o.e.m.j.i.AbstractJavaProjectConfigurator - Adding source folder /ItemSpringBootApp/src/main/java
2025-10-15 07:18:04,887 [Worker-35: Updating Maven Project] INFO  o.e.m.j.i.AbstractJavaProjectConfigurator - Adding resource folder /ItemSpringBootApp/src/main/resources
2025-10-15 07:18:04,888 [Worker-35: Updating Maven Project] INFO  o.e.m.j.i.AbstractJavaProjectConfigurator - Adding resource folder /ItemSpringBootApp/src/main/resources
2025-10-15 07:18:04,889 [Worker-35: Updating Maven Project] INFO  o.e.m.j.i.AbstractJavaProjectConfigurator - Adding source folder /ItemSpringBootApp/src/test/java
2025-10-15 07:18:04,890 [Worker-35: Updating Maven Project] INFO  o.e.m.j.i.AbstractJavaProjectConfigurator - Adding resource folder /ItemSpringBootApp/src/test/resources
2025-10-15 07:18:05,576 [Worker-35: Updating Maven Project] INFO  o.e.m.c.i.p.ProjectConfigurationManager - Update completed for 1 poms: local refresh takes 0.00 sec, refresh facades takes 1.00 sec, update config takes 0.00 sec 
2025-10-15 07:18:06,035 [Worker-9: Building] INFO  o.a.m.s.f.DefaultMavenResourcesFiltering - Copying 1 resource from src\main\resources to target\classes
2025-10-15 07:18:06,056 [Worker-9: Building] INFO  o.a.m.s.f.DefaultMavenResourcesFiltering - Copying 0 resource from src\main\resources to target\classes
2025-10-15 07:18:06,064 [Worker-9: Building] INFO  o.a.m.s.f.DefaultMavenResourcesFiltering - skip non existing resourceDirectory E:\DEVOPS-P\ITEM-FULLSTACK\ITEM-BACKEND\ItemSpringBootApp\src\test\resources
2025-10-15 08:09:27,417 [Worker-6: Loading available Gradle versions] INFO  o.e.b.c.i.u.g.PublishedGradleVersions - Gradle version information cache is up-to-date. Trying to read.
2025-10-15 08:09:57,063 [Worker-1: Building] INFO  o.a.m.s.f.DefaultMavenResourcesFiltering - Copying 1 resource from src\main\resources to target\classes
2025-10-15 08:09:57,121 [Worker-1: Building] INFO  o.a.m.s.f.DefaultMavenResourcesFiltering - Copying 0 resource from src\main\resources to target\classes
2025-10-15 08:09:57,138 [Worker-1: Building] INFO  o.a.m.s.f.DefaultMavenResourcesFiltering - skip non existing resourceDirectory E:\DEVOPS-P\ITEM-FULLSTACK\ITEM-BACKEND\ItemSpringBootApp\src\test\resources
2025-10-15 08:10:20,991 [Worker-8: Building] INFO  o.a.m.s.f.DefaultMavenResourcesFiltering - Copying 1 resource from src\main\resources to target\classes
2025-10-15 08:10:20,998 [Worker-8: Building] INFO  o.a.m.s.f.DefaultMavenResourcesFiltering - Copying 0 resource from src\main\resources to target\classes
2025-10-15 08:10:21,006 [Worker-8: Building] INFO  o.a.m.s.f.DefaultMavenResourcesFiltering - skip non existing resourceDirectory E:\DEVOPS-P\ITEM-FULLSTACK\ITEM-BACKEND\ItemSpringBootApp\src\test\resources
2025-10-15 08:11:19,355 [Worker-5: Updating Maven Project] INFO  o.e.m.c.i.p.ProjectConfigurationManager - Update started
2025-10-15 08:11:20,482 [Worker-5: Updating Maven Project] INFO  o.e.m.c.i.l.LifecycleMappingFactory - Using org.eclipse.m2e.jdt.JarLifecycleMapping lifecycle mapping for MavenProject: com.klef.dev:ItemSpringBootApp:0.0.1-SNAPSHOT @ E:\DEVOPS-P\ITEM-FULLSTACK\ITEM-BACKEND\ItemSpringBootApp\pom.xml.
2025-10-15 08:11:21,974 [Worker-5: Updating Maven Project] INFO  o.e.m.j.i.AbstractJavaProjectConfigurator - Adding source folder /ItemSpringBootApp/src/main/java
2025-10-15 08:11:21,978 [Worker-5: Updating Maven Project] INFO  o.e.m.j.i.AbstractJavaProjectConfigurator - Adding resource folder /ItemSpringBootApp/src/main/resources
2025-10-15 08:11:21,979 [Worker-5: Updating Maven Project] INFO  o.e.m.j.i.AbstractJavaProjectConfigurator - Adding resource folder /ItemSpringBootApp/src/main/resources
2025-10-15 08:11:21,980 [Worker-5: Updating Maven Project] INFO  o.e.m.j.i.AbstractJavaProjectConfigurator - Adding source folder /ItemSpringBootApp/src/test/java
2025-10-15 08:11:21,982 [Worker-5: Updating Maven Project] INFO  o.e.m.j.i.AbstractJavaProjectConfigurator - Adding resource folder /ItemSpringBootApp/src/test/resources
2025-10-15 08:11:22,750 [Worker-5: Updating Maven Project] INFO  o.e.m.c.i.p.ProjectConfigurationManager - Update completed for 1 poms: local refresh takes 0.00 sec, refresh facades takes 2.00 sec, update config takes 0.00 sec 
2025-10-15 08:11:23,513 [Worker-33: Building] INFO  o.a.m.s.f.DefaultMavenResourcesFiltering - Copying 1 resource from src\main\resources to target\classes
2025-10-15 08:11:23,560 [Worker-33: Building] INFO  o.a.m.s.f.DefaultMavenResourcesFiltering - Copying 0 resource from src\main\resources to target\classes
2025-10-15 08:11:23,566 [Worker-33: Building] INFO  o.a.m.s.f.DefaultMavenResourcesFiltering - skip non existing resourceDirectory E:\DEVOPS-P\ITEM-FULLSTACK\ITEM-BACKEND\ItemSpringBootApp\src\test\resources
